ARM GAS  /tmp/ccpGb0ua.s 			page 1


   1              		.syntax unified
   2              		.cpu cortex-m4
   3              		.fpu softvfp
   4              		.eabi_attribute 20, 1
   5              		.eabi_attribute 21, 1
   6              		.eabi_attribute 23, 3
   7              		.eabi_attribute 24, 1
   8              		.eabi_attribute 25, 1
   9              		.eabi_attribute 26, 1
  10              		.eabi_attribute 30, 2
  11              		.eabi_attribute 34, 1
  12              		.eabi_attribute 18, 4
  13              		.thumb
  14              		.file	"hal_lld.c"
  15              		.text
  16              	.Ltext0:
  17              		.cfi_sections	.debug_frame
  18              		.section	.text.hal_lld_init,"ax",%progbits
  19              		.align	2
  20              		.p2align 4,,15
  21              		.global	hal_lld_init
  22              		.thumb
  23              		.thumb_func
  24              		.type	hal_lld_init, %function
  25              	hal_lld_init:
  26              	.LFB119:
  27              		.file 1 "chibios/os/hal/platforms/STM32F30x/hal_lld.c"
  28              		.loc 1 100 0
  29              		.cfi_startproc
  30              		@ args = 0, pretend = 0, frame = 0
  31              		@ frame_needed = 0, uses_anonymous_args = 0
  32              		.loc 1 103 0
  33 0000 4FF48053 		mov	r3, #4096
  34 0004 C4F20203 		movt	r3, 16386
  35              		.loc 1 107 0
  36 0008 4EF21002 		movw	r2, #57360
  37              		.loc 1 100 0
  38 000c 70B5     		push	{r4, r5, r6, lr}
  39              	.LCFI0:
  40              		.cfi_def_cfa_offset 16
  41              		.cfi_offset 4, -16
  42              		.cfi_offset 5, -12
  43              		.cfi_offset 6, -8
  44              		.cfi_offset 14, -4
  45              		.loc 1 103 0
  46 000e 0021     		movs	r1, #0
  47              		.loc 1 107 0
  48 0010 CEF20002 		movt	r2, 57344
  49              		.loc 1 103 0
  50 0014 4FF0FF35 		mov	r5, #-1
  51              		.loc 1 107 0
  52 0018 41F63F14 		movw	r4, #6463
  53              		.loc 1 103 0
  54 001c 1E69     		ldr	r6, [r3, #16]
  55 001e 1D61     		str	r5, [r3, #16]
  56              		.loc 1 107 0
  57 0020 C0F20104 		movt	r4, 1
ARM GAS  /tmp/ccpGb0ua.s 			page 2


  58              		.loc 1 103 0
  59 0024 1961     		str	r1, [r3, #16]
  60              		.loc 1 114 0
  61 0026 4EF6F050 		movw	r0, #60912
  62              		.loc 1 104 0
  63 002a DE68     		ldr	r6, [r3, #12]
  64 002c DD60     		str	r5, [r3, #12]
  65              		.loc 1 114 0
  66 002e CEF20000 		movt	r0, 57344
  67              		.loc 1 104 0
  68 0032 D960     		str	r1, [r3, #12]
  69              		.loc 1 107 0
  70 0034 5460     		str	r4, [r2, #4]
  71              		.loc 1 109 0
  72 0036 0724     		movs	r4, #7
  73              		.loc 1 108 0
  74 0038 9160     		str	r1, [r2, #8]
  75              		.loc 1 109 0
  76 003a 1460     		str	r4, [r2, #0]
  77              		.loc 1 114 0
  78 003c C468     		ldr	r4, [r0, #12]
  79              		.loc 1 115 0
  80 003e 4FF48052 		mov	r2, #4096
  81 0042 CEF20002 		movt	r2, 57344
  82              		.loc 1 114 0
  83 0046 44F08074 		orr	r4, r4, #16777216
  84 004a C460     		str	r4, [r0, #12]
  85              		.loc 1 115 0
  86 004c 1068     		ldr	r0, [r2, #0]
  87 004e 40F00100 		orr	r0, r0, #1
  88 0052 1060     		str	r0, [r2, #0]
  89              		.loc 1 118 0
  90 0054 D869     		ldr	r0, [r3, #28]
  91              	.LBB4:
  92              	.LBB5:
  93              		.loc 1 52 0
  94 0056 4FF4E042 		mov	r2, #28672
  95 005a C4F20002 		movt	r2, 16384
  96              	.LBE5:
  97              	.LBE4:
  98              		.loc 1 118 0
  99 005e 40F08050 		orr	r0, r0, #268435456
 100 0062 D861     		str	r0, [r3, #28]
 101              	.LBB7:
 102              	.LBB6:
 103              		.loc 1 52 0
 104 0064 1068     		ldr	r0, [r2, #0]
 105 0066 40F48070 		orr	r0, r0, #256
 106 006a 1060     		str	r0, [r2, #0]
 107              		.loc 1 55 0
 108 006c 1A6A     		ldr	r2, [r3, #32]
 109 006e 02F44070 		and	r0, r2, #768
 110 0072 B0F5007F 		cmp	r0, #512
 111 0076 03D0     		beq	.L2
 112              		.loc 1 57 0
 113 0078 4FF48032 		mov	r2, #65536
 114 007c 1A62     		str	r2, [r3, #32]
ARM GAS  /tmp/ccpGb0ua.s 			page 3


 115              		.loc 1 58 0
 116 007e 1962     		str	r1, [r3, #32]
 117              	.L2:
 118              		.loc 1 77 0
 119 0080 4FF48053 		mov	r3, #4096
 120 0084 C4F20203 		movt	r3, 16386
 121 0088 196A     		ldr	r1, [r3, #32]
 122 008a 0A04     		lsls	r2, r1, #16
 123 008c 07D4     		bmi	.L3
 124              		.loc 1 79 0
 125 008e 186A     		ldr	r0, [r3, #32]
 126 0090 40F40072 		orr	r2, r0, #512
 127 0094 1A62     		str	r2, [r3, #32]
 128              		.loc 1 82 0
 129 0096 196A     		ldr	r1, [r3, #32]
 130 0098 41F40040 		orr	r0, r1, #32768
 131 009c 1862     		str	r0, [r3, #32]
 132              	.L3:
 133              	.LBE6:
 134              	.LBE7:
 135              		.loc 1 124 0
 136 009e FFF7FEFF 		bl	dmaInit
 137              	.LVL0:
 138              		.loc 1 134 0
 139 00a2 4FF48052 		mov	r2, #4096
 140 00a6 C4F20202 		movt	r2, 16386
 141              		.loc 1 137 0
 142 00aa 0023     		movs	r3, #0
 143              		.loc 1 134 0
 144 00ac 9169     		ldr	r1, [r2, #24]
 145              		.loc 1 137 0
 146 00ae C4F20103 		movt	r3, 16385
 147              		.loc 1 134 0
 148 00b2 41F00100 		orr	r0, r1, #1
 149 00b6 9061     		str	r0, [r2, #24]
 150              		.loc 1 137 0
 151 00b8 1A68     		ldr	r2, [r3, #0]
 152 00ba 42F02001 		orr	r1, r2, #32
 153 00be 1960     		str	r1, [r3, #0]
 154 00c0 70BD     		pop	{r4, r5, r6, pc}
 155              		.cfi_endproc
 156              	.LFE119:
 157              		.size	hal_lld_init, .-hal_lld_init
 158 00c2 00BFAFF3 		.section	.text.stm32_clock_init,"ax",%progbits
 158      0080AFF3 
 158      0080AFF3 
 158      0080
 159              		.align	2
 160              		.p2align 4,,15
 161              		.global	stm32_clock_init
 162              		.thumb
 163              		.thumb_func
 164              		.type	stm32_clock_init, %function
 165              	stm32_clock_init:
 166              	.LFB120:
 167              		.loc 1 147 0
 168              		.cfi_startproc
ARM GAS  /tmp/ccpGb0ua.s 			page 4


 169              		@ args = 0, pretend = 0, frame = 0
 170              		@ frame_needed = 0, uses_anonymous_args = 0
 171              		@ link register save eliminated.
 172              		.loc 1 152 0
 173 0000 4FF48053 		mov	r3, #4096
 174 0004 C4F20203 		movt	r3, 16386
 175              		.loc 1 153 0
 176 0008 1946     		mov	r1, r3
 177              		.loc 1 152 0
 178 000a 1A68     		ldr	r2, [r3, #0]
 179 000c 42F00100 		orr	r0, r2, #1
 180 0010 1860     		str	r0, [r3, #0]
 181              	.L9:
 182              		.loc 1 153 0 discriminator 1
 183 0012 0A68     		ldr	r2, [r1, #0]
 184 0014 4FF48053 		mov	r3, #4096
 185 0018 9007     		lsls	r0, r2, #30
 186 001a C4F20203 		movt	r3, 16386
 187 001e F8D5     		bpl	.L9
 188              		.loc 1 155 0
 189 0020 1968     		ldr	r1, [r3, #0]
 190              		.loc 1 156 0
 191 0022 0022     		movs	r2, #0
 192              		.loc 1 155 0
 193 0024 01F0F900 		and	r0, r1, #249
 194 0028 1860     		str	r0, [r3, #0]
 195              		.loc 1 157 0
 196 002a 1946     		mov	r1, r3
 197              		.loc 1 156 0
 198 002c 5A60     		str	r2, [r3, #4]
 199              	.L10:
 200              		.loc 1 157 0 discriminator 1
 201 002e 4868     		ldr	r0, [r1, #4]
 202 0030 4FF48053 		mov	r3, #4096
 203 0034 10F00C0F 		tst	r0, #12
 204 0038 C4F20203 		movt	r3, 16386
 205 003c F7D1     		bne	.L10
 206              		.loc 1 164 0
 207 003e 1968     		ldr	r1, [r3, #0]
 208 0040 41F4A022 		orr	r2, r1, #327680
 209 0044 1A60     		str	r2, [r3, #0]
 210              		.loc 1 169 0
 211 0046 1846     		mov	r0, r3
 212              	.L11:
 213              		.loc 1 169 0 is_stmt 0 discriminator 1
 214 0048 0168     		ldr	r1, [r0, #0]
 215 004a 4FF48053 		mov	r3, #4096
 216 004e 8A03     		lsls	r2, r1, #14
 217 0050 C4F20203 		movt	r3, 16386
 218 0054 F8D5     		bpl	.L11
 219              		.loc 1 175 0 is_stmt 1
 220 0056 5A6A     		ldr	r2, [r3, #36]
 221 0058 42F00100 		orr	r0, r2, #1
 222 005c 5862     		str	r0, [r3, #36]
 223              		.loc 1 176 0
 224 005e 1946     		mov	r1, r3
 225              	.L12:
ARM GAS  /tmp/ccpGb0ua.s 			page 5


 226              		.loc 1 176 0 is_stmt 0 discriminator 1
 227 0060 4A6A     		ldr	r2, [r1, #36]
 228 0062 4FF48053 		mov	r3, #4096
 229 0066 9007     		lsls	r0, r2, #30
 230 0068 C4F20203 		movt	r3, 16386
 231 006c F8D5     		bpl	.L12
 232              		.loc 1 181 0 is_stmt 1
 233 006e 4FF41050 		mov	r0, #9216
 234 0072 C0F21D00 		movt	r0, 29
 235              		.loc 1 184 0
 236 0076 4FF48071 		mov	r1, #256
 237              		.loc 1 185 0
 238 007a 3022     		movs	r2, #48
 239              		.loc 1 181 0
 240 007c 5860     		str	r0, [r3, #4]
 241              		.loc 1 184 0
 242 007e D962     		str	r1, [r3, #44]
 243              		.loc 1 185 0
 244 0080 1A63     		str	r2, [r3, #48]
 245              		.loc 1 191 0
 246 0082 1868     		ldr	r0, [r3, #0]
 247 0084 40F08071 		orr	r1, r0, #16777216
 248 0088 1960     		str	r1, [r3, #0]
 249              	.L13:
 250              		.loc 1 192 0 discriminator 1
 251 008a 1868     		ldr	r0, [r3, #0]
 252 008c 4FF48052 		mov	r2, #4096
 253 0090 8101     		lsls	r1, r0, #6
 254 0092 C4F20202 		movt	r2, 16386
 255 0096 F8D5     		bpl	.L13
 256              		.loc 1 197 0
 257 0098 4FF40053 		mov	r3, #8192
 258 009c C4F20203 		movt	r3, 16386
 259 00a0 1221     		movs	r1, #18
 260 00a2 1960     		str	r1, [r3, #0]
 261              		.loc 1 202 0
 262 00a4 5068     		ldr	r0, [r2, #4]
 263 00a6 40F00203 		orr	r3, r0, #2
 264 00aa 5360     		str	r3, [r2, #4]
 265              	.L14:
 266              		.loc 1 203 0 discriminator 1
 267 00ac 5168     		ldr	r1, [r2, #4]
 268 00ae 01F00C00 		and	r0, r1, #12
 269 00b2 0828     		cmp	r0, #8
 270 00b4 FAD1     		bne	.L14
 271              		.loc 1 207 0
 272 00b6 7047     		bx	lr
 273              		.cfi_endproc
 274              	.LFE120:
 275              		.size	stm32_clock_init, .-stm32_clock_init
 276 00b8 AFF30080 		.text
 276      AFF30080 
 277              	.Letext0:
 278              		.file 2 "/opt/ARM/gcc-arm-none-eabi-4_7-2013q3/bin/../lib/gcc/arm-none-eabi/4.7.4/../../../../arm-
 279              		.file 3 "chibios/os/ports/common/ARMCMx/nvic.h"
 280              		.file 4 "chibios/os/ports/common/ARMCMx/CMSIS/include/core_cm4.h"
 281              		.file 5 "chibios/os/hal/platforms/STM32F30x/stm32f30x.h"
ARM GAS  /tmp/ccpGb0ua.s 			page 6


 282              		.file 6 "chibios/os/hal/platforms/STM32F30x/stm32_dma.h"
 283              		.section	.debug_info,"",%progbits
 284              	.Ldebug_info0:
 285 0000 5D040000 		.4byte	0x45d
 286 0004 0200     		.2byte	0x2
 287 0006 00000000 		.4byte	.Ldebug_abbrev0
 288 000a 04       		.byte	0x4
 289 000b 01       		.uleb128 0x1
 290 000c 97010000 		.4byte	.LASF53
 291 0010 01       		.byte	0x1
 292 0011 8F020000 		.4byte	.LASF54
 293 0015 B6000000 		.4byte	.LASF55
 294 0019 18000000 		.4byte	.Ldebug_ranges0+0x18
 295 001d 00000000 		.4byte	0
 296 0021 00000000 		.4byte	0
 297 0025 00000000 		.4byte	.Ldebug_line0
 298 0029 02       		.uleb128 0x2
 299 002a 04       		.byte	0x4
 300 002b 05       		.byte	0x5
 301 002c 696E7400 		.ascii	"int\000"
 302 0030 03       		.uleb128 0x3
 303 0031 04       		.byte	0x4
 304 0032 07       		.byte	0x7
 305 0033 8A010000 		.4byte	.LASF0
 306 0037 03       		.uleb128 0x3
 307 0038 01       		.byte	0x1
 308 0039 06       		.byte	0x6
 309 003a 5E010000 		.4byte	.LASF1
 310 003e 03       		.uleb128 0x3
 311 003f 01       		.byte	0x1
 312 0040 08       		.byte	0x8
 313 0041 48010000 		.4byte	.LASF2
 314 0045 03       		.uleb128 0x3
 315 0046 02       		.byte	0x2
 316 0047 05       		.byte	0x5
 317 0048 2A000000 		.4byte	.LASF3
 318 004c 04       		.uleb128 0x4
 319 004d 12020000 		.4byte	.LASF5
 320 0051 02       		.byte	0x2
 321 0052 36       		.byte	0x36
 322 0053 57000000 		.4byte	0x57
 323 0057 03       		.uleb128 0x3
 324 0058 02       		.byte	0x2
 325 0059 07       		.byte	0x7
 326 005a FA010000 		.4byte	.LASF4
 327 005e 04       		.uleb128 0x4
 328 005f 23020000 		.4byte	.LASF6
 329 0063 02       		.byte	0x2
 330 0064 4F       		.byte	0x4f
 331 0065 69000000 		.4byte	0x69
 332 0069 03       		.uleb128 0x3
 333 006a 04       		.byte	0x4
 334 006b 05       		.byte	0x5
 335 006c 17010000 		.4byte	.LASF7
 336 0070 04       		.uleb128 0x4
 337 0071 81010000 		.4byte	.LASF8
 338 0075 02       		.byte	0x2
ARM GAS  /tmp/ccpGb0ua.s 			page 7


 339 0076 50       		.byte	0x50
 340 0077 7B000000 		.4byte	0x7b
 341 007b 03       		.uleb128 0x3
 342 007c 04       		.byte	0x4
 343 007d 07       		.byte	0x7
 344 007e 40020000 		.4byte	.LASF9
 345 0082 03       		.uleb128 0x3
 346 0083 08       		.byte	0x8
 347 0084 05       		.byte	0x5
 348 0085 F6000000 		.4byte	.LASF10
 349 0089 03       		.uleb128 0x3
 350 008a 08       		.byte	0x8
 351 008b 07       		.byte	0x7
 352 008c 6A010000 		.4byte	.LASF11
 353 0090 03       		.uleb128 0x3
 354 0091 01       		.byte	0x1
 355 0092 02       		.byte	0x2
 356 0093 2B020000 		.4byte	.LASF12
 357 0097 04       		.uleb128 0x4
 358 0098 AE000000 		.4byte	.LASF13
 359 009c 03       		.byte	0x3
 360 009d 33       		.byte	0x33
 361 009e A2000000 		.4byte	0xa2
 362 00a2 05       		.uleb128 0x5
 363 00a3 70000000 		.4byte	0x70
 364 00a7 03       		.uleb128 0x3
 365 00a8 04       		.byte	0x4
 366 00a9 07       		.byte	0x7
 367 00aa 34000000 		.4byte	.LASF14
 368 00ae 06       		.uleb128 0x6
 369 00af 10       		.byte	0x10
 370 00b0 03       		.byte	0x3
 371 00b1 EA       		.byte	0xea
 372 00b2 EF000000 		.4byte	0xef
 373 00b6 07       		.uleb128 0x7
 374 00b7 11010000 		.4byte	.LASF15
 375 00bb 03       		.byte	0x3
 376 00bc EB       		.byte	0xeb
 377 00bd 97000000 		.4byte	0x97
 378 00c1 02       		.byte	0x2
 379 00c2 23       		.byte	0x23
 380 00c3 00       		.uleb128 0
 381 00c4 07       		.uleb128 0x7
 382 00c5 87000000 		.4byte	.LASF16
 383 00c9 03       		.byte	0x3
 384 00ca EC       		.byte	0xec
 385 00cb 97000000 		.4byte	0x97
 386 00cf 02       		.byte	0x2
 387 00d0 23       		.byte	0x23
 388 00d1 04       		.uleb128 0x4
 389 00d2 07       		.uleb128 0x7
 390 00d3 A8000000 		.4byte	.LASF17
 391 00d7 03       		.byte	0x3
 392 00d8 ED       		.byte	0xed
 393 00d9 97000000 		.4byte	0x97
 394 00dd 02       		.byte	0x2
 395 00de 23       		.byte	0x23
ARM GAS  /tmp/ccpGb0ua.s 			page 8


 396 00df 08       		.uleb128 0x8
 397 00e0 07       		.uleb128 0x7
 398 00e1 24000000 		.4byte	.LASF18
 399 00e5 03       		.byte	0x3
 400 00e6 EE       		.byte	0xee
 401 00e7 97000000 		.4byte	0x97
 402 00eb 02       		.byte	0x2
 403 00ec 23       		.byte	0x23
 404 00ed 0C       		.uleb128 0xc
 405 00ee 00       		.byte	0
 406 00ef 04       		.uleb128 0x4
 407 00f0 1B020000 		.4byte	.LASF19
 408 00f4 03       		.byte	0x3
 409 00f5 EF       		.byte	0xef
 410 00f6 AE000000 		.4byte	0xae
 411 00fa 06       		.uleb128 0x6
 412 00fb 20       		.byte	0x20
 413 00fc 03       		.byte	0x3
 414 00fd FF       		.byte	0xff
 415 00fe 7B010000 		.4byte	0x17b
 416 0102 08       		.uleb128 0x8
 417 0103 69000000 		.4byte	.LASF20
 418 0107 03       		.byte	0x3
 419 0108 0001     		.2byte	0x100
 420 010a 97000000 		.4byte	0x97
 421 010e 02       		.byte	0x2
 422 010f 23       		.byte	0x23
 423 0110 00       		.uleb128 0
 424 0111 08       		.uleb128 0x8
 425 0112 04010000 		.4byte	.LASF21
 426 0116 03       		.byte	0x3
 427 0117 0101     		.2byte	0x101
 428 0119 97000000 		.4byte	0x97
 429 011d 02       		.byte	0x2
 430 011e 23       		.byte	0x23
 431 011f 04       		.uleb128 0x4
 432 0120 08       		.uleb128 0x8
 433 0121 39020000 		.4byte	.LASF22
 434 0125 03       		.byte	0x3
 435 0126 0201     		.2byte	0x102
 436 0128 97000000 		.4byte	0x97
 437 012c 02       		.byte	0x2
 438 012d 23       		.byte	0x23
 439 012e 08       		.uleb128 0x8
 440 012f 08       		.uleb128 0x8
 441 0130 41010000 		.4byte	.LASF23
 442 0134 03       		.byte	0x3
 443 0135 0301     		.2byte	0x103
 444 0137 97000000 		.4byte	0x97
 445 013b 02       		.byte	0x2
 446 013c 23       		.byte	0x23
 447 013d 0C       		.uleb128 0xc
 448 013e 08       		.uleb128 0x8
 449 013f 52020000 		.4byte	.LASF24
 450 0143 03       		.byte	0x3
 451 0144 0401     		.2byte	0x104
 452 0146 97000000 		.4byte	0x97
ARM GAS  /tmp/ccpGb0ua.s 			page 9


 453 014a 02       		.byte	0x2
 454 014b 23       		.byte	0x23
 455 014c 10       		.uleb128 0x10
 456 014d 08       		.uleb128 0x8
 457 014e 6C020000 		.4byte	.LASF25
 458 0152 03       		.byte	0x3
 459 0153 0501     		.2byte	0x105
 460 0155 97000000 		.4byte	0x97
 461 0159 02       		.byte	0x2
 462 015a 23       		.byte	0x23
 463 015b 14       		.uleb128 0x14
 464 015c 08       		.uleb128 0x8
 465 015d 47000000 		.4byte	.LASF26
 466 0161 03       		.byte	0x3
 467 0162 0601     		.2byte	0x106
 468 0164 97000000 		.4byte	0x97
 469 0168 02       		.byte	0x2
 470 0169 23       		.byte	0x23
 471 016a 18       		.uleb128 0x18
 472 016b 08       		.uleb128 0x8
 473 016c 42000000 		.4byte	.LASF27
 474 0170 03       		.byte	0x3
 475 0171 0701     		.2byte	0x107
 476 0173 97000000 		.4byte	0x97
 477 0177 02       		.byte	0x2
 478 0178 23       		.byte	0x23
 479 0179 1C       		.uleb128 0x1c
 480 017a 00       		.byte	0
 481 017b 09       		.uleb128 0x9
 482 017c 5B000000 		.4byte	.LASF28
 483 0180 03       		.byte	0x3
 484 0181 0801     		.2byte	0x108
 485 0183 FA000000 		.4byte	0xfa
 486 0187 03       		.uleb128 0x3
 487 0188 01       		.byte	0x1
 488 0189 08       		.byte	0x8
 489 018a 0D020000 		.4byte	.LASF29
 490 018e 0A       		.uleb128 0xa
 491 018f A2000000 		.4byte	0xa2
 492 0193 0B       		.uleb128 0xb
 493 0194 70000000 		.4byte	0x70
 494 0198 A3010000 		.4byte	0x1a3
 495 019c 0C       		.uleb128 0xc
 496 019d A7000000 		.4byte	0xa7
 497 01a1 03       		.byte	0x3
 498 01a2 00       		.byte	0
 499 01a3 0D       		.uleb128 0xd
 500 01a4 10       		.byte	0x10
 501 01a5 04       		.byte	0x4
 502 01a6 6002     		.2byte	0x260
 503 01a8 E9010000 		.4byte	0x1e9
 504 01ac 08       		.uleb128 0x8
 505 01ad 69000000 		.4byte	.LASF20
 506 01b1 04       		.byte	0x4
 507 01b2 6202     		.2byte	0x262
 508 01b4 A2000000 		.4byte	0xa2
 509 01b8 02       		.byte	0x2
ARM GAS  /tmp/ccpGb0ua.s 			page 10


 510 01b9 23       		.byte	0x23
 511 01ba 00       		.uleb128 0
 512 01bb 08       		.uleb128 0x8
 513 01bc 73020000 		.4byte	.LASF30
 514 01c0 04       		.byte	0x4
 515 01c1 6302     		.2byte	0x263
 516 01c3 A2000000 		.4byte	0xa2
 517 01c7 02       		.byte	0x2
 518 01c8 23       		.byte	0x23
 519 01c9 04       		.uleb128 0x4
 520 01ca 0E       		.uleb128 0xe
 521 01cb 56414C00 		.ascii	"VAL\000"
 522 01cf 04       		.byte	0x4
 523 01d0 6402     		.2byte	0x264
 524 01d2 A2000000 		.4byte	0xa2
 525 01d6 02       		.byte	0x2
 526 01d7 23       		.byte	0x23
 527 01d8 08       		.uleb128 0x8
 528 01d9 08       		.uleb128 0x8
 529 01da 0B010000 		.4byte	.LASF31
 530 01de 04       		.byte	0x4
 531 01df 6502     		.2byte	0x265
 532 01e1 8E010000 		.4byte	0x18e
 533 01e5 02       		.byte	0x2
 534 01e6 23       		.byte	0x23
 535 01e7 0C       		.uleb128 0xc
 536 01e8 00       		.byte	0
 537 01e9 09       		.uleb128 0x9
 538 01ea ED010000 		.4byte	.LASF32
 539 01ee 04       		.byte	0x4
 540 01ef 6602     		.2byte	0x266
 541 01f1 A3010000 		.4byte	0x1a3
 542 01f5 05       		.uleb128 0x5
 543 01f6 5E000000 		.4byte	0x5e
 544 01fa 0D       		.uleb128 0xd
 545 01fb 24       		.byte	0x24
 546 01fc 05       		.byte	0x5
 547 01fd 0D02     		.2byte	0x20d
 548 01ff 88020000 		.4byte	0x288
 549 0203 0E       		.uleb128 0xe
 550 0204 41435200 		.ascii	"ACR\000"
 551 0208 05       		.byte	0x5
 552 0209 0F02     		.2byte	0x20f
 553 020b A2000000 		.4byte	0xa2
 554 020f 02       		.byte	0x2
 555 0210 23       		.byte	0x23
 556 0211 00       		.uleb128 0
 557 0212 08       		.uleb128 0x8
 558 0213 6E000000 		.4byte	.LASF33
 559 0217 05       		.byte	0x5
 560 0218 1002     		.2byte	0x210
 561 021a A2000000 		.4byte	0xa2
 562 021e 02       		.byte	0x2
 563 021f 23       		.byte	0x23
 564 0220 04       		.uleb128 0x4
 565 0221 08       		.uleb128 0x8
 566 0222 E6000000 		.4byte	.LASF34
ARM GAS  /tmp/ccpGb0ua.s 			page 11


 567 0226 05       		.byte	0x5
 568 0227 1102     		.2byte	0x211
 569 0229 A2000000 		.4byte	0xa2
 570 022d 02       		.byte	0x2
 571 022e 23       		.byte	0x23
 572 022f 08       		.uleb128 0x8
 573 0230 0E       		.uleb128 0xe
 574 0231 535200   		.ascii	"SR\000"
 575 0234 05       		.byte	0x5
 576 0235 1202     		.2byte	0x212
 577 0237 A2000000 		.4byte	0xa2
 578 023b 02       		.byte	0x2
 579 023c 23       		.byte	0x23
 580 023d 0C       		.uleb128 0xc
 581 023e 0E       		.uleb128 0xe
 582 023f 435200   		.ascii	"CR\000"
 583 0242 05       		.byte	0x5
 584 0243 1302     		.2byte	0x213
 585 0245 A2000000 		.4byte	0xa2
 586 0249 02       		.byte	0x2
 587 024a 23       		.byte	0x23
 588 024b 10       		.uleb128 0x10
 589 024c 0E       		.uleb128 0xe
 590 024d 415200   		.ascii	"AR\000"
 591 0250 05       		.byte	0x5
 592 0251 1402     		.2byte	0x214
 593 0253 A2000000 		.4byte	0xa2
 594 0257 02       		.byte	0x2
 595 0258 23       		.byte	0x23
 596 0259 14       		.uleb128 0x14
 597 025a 08       		.uleb128 0x8
 598 025b 78020000 		.4byte	.LASF35
 599 025f 05       		.byte	0x5
 600 0260 1502     		.2byte	0x215
 601 0262 70000000 		.4byte	0x70
 602 0266 02       		.byte	0x2
 603 0267 23       		.byte	0x23
 604 0268 18       		.uleb128 0x18
 605 0269 0E       		.uleb128 0xe
 606 026a 4F425200 		.ascii	"OBR\000"
 607 026e 05       		.byte	0x5
 608 026f 1602     		.2byte	0x216
 609 0271 A2000000 		.4byte	0xa2
 610 0275 02       		.byte	0x2
 611 0276 23       		.byte	0x23
 612 0277 1C       		.uleb128 0x1c
 613 0278 08       		.uleb128 0x8
 614 0279 3C010000 		.4byte	.LASF36
 615 027d 05       		.byte	0x5
 616 027e 1702     		.2byte	0x217
 617 0280 A2000000 		.4byte	0xa2
 618 0284 02       		.byte	0x2
 619 0285 23       		.byte	0x23
 620 0286 20       		.uleb128 0x20
 621 0287 00       		.byte	0
 622 0288 09       		.uleb128 0x9
 623 0289 81020000 		.4byte	.LASF37
ARM GAS  /tmp/ccpGb0ua.s 			page 12


 624 028d 05       		.byte	0x5
 625 028e 1902     		.2byte	0x219
 626 0290 FA010000 		.4byte	0x1fa
 627 0294 0D       		.uleb128 0xd
 628 0295 1C       		.byte	0x1c
 629 0296 05       		.byte	0x5
 630 0297 5002     		.2byte	0x250
 631 0299 DA020000 		.4byte	0x2da
 632 029d 08       		.uleb128 0x8
 633 029e 63000000 		.4byte	.LASF38
 634 02a2 05       		.byte	0x5
 635 02a3 5202     		.2byte	0x252
 636 02a5 A2000000 		.4byte	0xa2
 637 02a9 02       		.byte	0x2
 638 02aa 23       		.byte	0x23
 639 02ab 00       		.uleb128 0
 640 02ac 0E       		.uleb128 0xe
 641 02ad 52435200 		.ascii	"RCR\000"
 642 02b1 05       		.byte	0x5
 643 02b2 5302     		.2byte	0x253
 644 02b4 A2000000 		.4byte	0xa2
 645 02b8 02       		.byte	0x2
 646 02b9 23       		.byte	0x23
 647 02ba 04       		.uleb128 0x4
 648 02bb 08       		.uleb128 0x8
 649 02bc 78000000 		.4byte	.LASF39
 650 02c0 05       		.byte	0x5
 651 02c1 5402     		.2byte	0x254
 652 02c3 DA020000 		.4byte	0x2da
 653 02c7 02       		.byte	0x2
 654 02c8 23       		.byte	0x23
 655 02c9 08       		.uleb128 0x8
 656 02ca 08       		.uleb128 0x8
 657 02cb 20010000 		.4byte	.LASF40
 658 02cf 05       		.byte	0x5
 659 02d0 5502     		.2byte	0x255
 660 02d2 A2000000 		.4byte	0xa2
 661 02d6 02       		.byte	0x2
 662 02d7 23       		.byte	0x23
 663 02d8 18       		.uleb128 0x18
 664 02d9 00       		.byte	0
 665 02da 05       		.uleb128 0x5
 666 02db 93010000 		.4byte	0x193
 667 02df 09       		.uleb128 0x9
 668 02e0 0C000000 		.4byte	.LASF41
 669 02e4 05       		.byte	0x5
 670 02e5 5602     		.2byte	0x256
 671 02e7 94020000 		.4byte	0x294
 672 02eb 0D       		.uleb128 0xd
 673 02ec 08       		.byte	0x8
 674 02ed 05       		.byte	0x5
 675 02ee 7C02     		.2byte	0x27c
 676 02f0 12030000 		.4byte	0x312
 677 02f4 0E       		.uleb128 0xe
 678 02f5 435200   		.ascii	"CR\000"
 679 02f8 05       		.byte	0x5
 680 02f9 7E02     		.2byte	0x27e
ARM GAS  /tmp/ccpGb0ua.s 			page 13


 681 02fb A2000000 		.4byte	0xa2
 682 02ff 02       		.byte	0x2
 683 0300 23       		.byte	0x23
 684 0301 00       		.uleb128 0
 685 0302 0E       		.uleb128 0xe
 686 0303 43535200 		.ascii	"CSR\000"
 687 0307 05       		.byte	0x5
 688 0308 7F02     		.2byte	0x27f
 689 030a A2000000 		.4byte	0xa2
 690 030e 02       		.byte	0x2
 691 030f 23       		.byte	0x23
 692 0310 04       		.uleb128 0x4
 693 0311 00       		.byte	0
 694 0312 09       		.uleb128 0x9
 695 0313 4F000000 		.4byte	.LASF42
 696 0317 05       		.byte	0x5
 697 0318 8002     		.2byte	0x280
 698 031a EB020000 		.4byte	0x2eb
 699 031e 0D       		.uleb128 0xd
 700 031f 34       		.byte	0x34
 701 0320 05       		.byte	0x5
 702 0321 8502     		.2byte	0x285
 703 0323 EA030000 		.4byte	0x3ea
 704 0327 0E       		.uleb128 0xe
 705 0328 435200   		.ascii	"CR\000"
 706 032b 05       		.byte	0x5
 707 032c 8702     		.2byte	0x287
 708 032e A2000000 		.4byte	0xa2
 709 0332 02       		.byte	0x2
 710 0333 23       		.byte	0x23
 711 0334 00       		.uleb128 0
 712 0335 08       		.uleb128 0x8
 713 0336 73000000 		.4byte	.LASF43
 714 033a 05       		.byte	0x5
 715 033b 8802     		.2byte	0x288
 716 033d A2000000 		.4byte	0xa2
 717 0341 02       		.byte	0x2
 718 0342 23       		.byte	0x23
 719 0343 04       		.uleb128 0x4
 720 0344 0E       		.uleb128 0xe
 721 0345 43495200 		.ascii	"CIR\000"
 722 0349 05       		.byte	0x5
 723 034a 8902     		.2byte	0x289
 724 034c A2000000 		.4byte	0xa2
 725 0350 02       		.byte	0x2
 726 0351 23       		.byte	0x23
 727 0352 08       		.uleb128 0x8
 728 0353 08       		.uleb128 0x8
 729 0354 33010000 		.4byte	.LASF44
 730 0358 05       		.byte	0x5
 731 0359 8A02     		.2byte	0x28a
 732 035b A2000000 		.4byte	0xa2
 733 035f 02       		.byte	0x2
 734 0360 23       		.byte	0x23
 735 0361 0C       		.uleb128 0xc
 736 0362 08       		.uleb128 0x8
 737 0363 1B000000 		.4byte	.LASF45
ARM GAS  /tmp/ccpGb0ua.s 			page 14


 738 0367 05       		.byte	0x5
 739 0368 8B02     		.2byte	0x28b
 740 036a A2000000 		.4byte	0xa2
 741 036e 02       		.byte	0x2
 742 036f 23       		.byte	0x23
 743 0370 10       		.uleb128 0x10
 744 0371 08       		.uleb128 0x8
 745 0372 2C010000 		.4byte	.LASF46
 746 0376 05       		.byte	0x5
 747 0377 8C02     		.2byte	0x28c
 748 0379 A2000000 		.4byte	0xa2
 749 037d 02       		.byte	0x2
 750 037e 23       		.byte	0x23
 751 037f 14       		.uleb128 0x14
 752 0380 08       		.uleb128 0x8
 753 0381 56010000 		.4byte	.LASF47
 754 0385 05       		.byte	0x5
 755 0386 8D02     		.2byte	0x28d
 756 0388 A2000000 		.4byte	0xa2
 757 038c 02       		.byte	0x2
 758 038d 23       		.byte	0x23
 759 038e 18       		.uleb128 0x18
 760 038f 08       		.uleb128 0x8
 761 0390 7F000000 		.4byte	.LASF48
 762 0394 05       		.byte	0x5
 763 0395 8E02     		.2byte	0x28e
 764 0397 A2000000 		.4byte	0xa2
 765 039b 02       		.byte	0x2
 766 039c 23       		.byte	0x23
 767 039d 1C       		.uleb128 0x1c
 768 039e 08       		.uleb128 0x8
 769 039f 3D000000 		.4byte	.LASF49
 770 03a3 05       		.byte	0x5
 771 03a4 8F02     		.2byte	0x28f
 772 03a6 A2000000 		.4byte	0xa2
 773 03aa 02       		.byte	0x2
 774 03ab 23       		.byte	0x23
 775 03ac 20       		.uleb128 0x20
 776 03ad 0E       		.uleb128 0xe
 777 03ae 43535200 		.ascii	"CSR\000"
 778 03b2 05       		.byte	0x5
 779 03b3 9002     		.2byte	0x290
 780 03b5 A2000000 		.4byte	0xa2
 781 03b9 02       		.byte	0x2
 782 03ba 23       		.byte	0x23
 783 03bb 24       		.uleb128 0x24
 784 03bc 08       		.uleb128 0x8
 785 03bd EE000000 		.4byte	.LASF50
 786 03c1 05       		.byte	0x5
 787 03c2 9102     		.2byte	0x291
 788 03c4 A2000000 		.4byte	0xa2
 789 03c8 02       		.byte	0x2
 790 03c9 23       		.byte	0x23
 791 03ca 28       		.uleb128 0x28
 792 03cb 08       		.uleb128 0x8
 793 03cc 20010000 		.4byte	.LASF40
 794 03d0 05       		.byte	0x5
ARM GAS  /tmp/ccpGb0ua.s 			page 15


 795 03d1 9202     		.2byte	0x292
 796 03d3 A2000000 		.4byte	0xa2
 797 03d7 02       		.byte	0x2
 798 03d8 23       		.byte	0x23
 799 03d9 2C       		.uleb128 0x2c
 800 03da 08       		.uleb128 0x8
 801 03db 26010000 		.4byte	.LASF51
 802 03df 05       		.byte	0x5
 803 03e0 9302     		.2byte	0x293
 804 03e2 A2000000 		.4byte	0xa2
 805 03e6 02       		.byte	0x2
 806 03e7 23       		.byte	0x23
 807 03e8 30       		.uleb128 0x30
 808 03e9 00       		.byte	0
 809 03ea 09       		.uleb128 0x9
 810 03eb 00000000 		.4byte	.LASF52
 811 03ef 05       		.byte	0x5
 812 03f0 9402     		.2byte	0x294
 813 03f2 1E030000 		.4byte	0x31e
 814 03f6 0F       		.uleb128 0xf
 815 03f7 8D000000 		.4byte	.LASF56
 816 03fb 01       		.byte	0x1
 817 03fc 31       		.byte	0x31
 818 03fd 01       		.byte	0x1
 819 03fe 01       		.byte	0x1
 820 03ff 10       		.uleb128 0x10
 821 0400 01       		.byte	0x1
 822 0401 E0010000 		.4byte	.LASF57
 823 0405 01       		.byte	0x1
 824 0406 64       		.byte	0x64
 825 0407 01       		.byte	0x1
 826 0408 00000000 		.4byte	.LFB119
 827 040c C2000000 		.4byte	.LFE119
 828 0410 00000000 		.4byte	.LLST0
 829 0414 01       		.byte	0x1
 830 0415 32040000 		.4byte	0x432
 831 0419 11       		.uleb128 0x11
 832 041a F6030000 		.4byte	0x3f6
 833 041e 56000000 		.4byte	.LBB4
 834 0422 00000000 		.4byte	.Ldebug_ranges0+0
 835 0426 01       		.byte	0x1
 836 0427 79       		.byte	0x79
 837 0428 12       		.uleb128 0x12
 838 0429 A2000000 		.4byte	.LVL0
 839 042d 55040000 		.4byte	0x455
 840 0431 00       		.byte	0
 841 0432 13       		.uleb128 0x13
 842 0433 01       		.byte	0x1
 843 0434 5B020000 		.4byte	.LASF58
 844 0438 01       		.byte	0x1
 845 0439 93       		.byte	0x93
 846 043a 01       		.byte	0x1
 847 043b 00000000 		.4byte	.LFB120
 848 043f B8000000 		.4byte	.LFE120
 849 0443 02       		.byte	0x2
 850 0444 7D       		.byte	0x7d
 851 0445 00       		.sleb128 0
ARM GAS  /tmp/ccpGb0ua.s 			page 16


 852 0446 01       		.byte	0x1
 853 0447 14       		.uleb128 0x14
 854 0448 BC020000 		.4byte	.LASF59
 855 044c 04       		.byte	0x4
 856 044d 9806     		.2byte	0x698
 857 044f F5010000 		.4byte	0x1f5
 858 0453 01       		.byte	0x1
 859 0454 01       		.byte	0x1
 860 0455 15       		.uleb128 0x15
 861 0456 01       		.byte	0x1
 862 0457 31020000 		.4byte	.LASF60
 863 045b 06       		.byte	0x6
 864 045c 8A01     		.2byte	0x18a
 865 045e 01       		.byte	0x1
 866 045f 01       		.byte	0x1
 867 0460 00       		.byte	0
 868              		.section	.debug_abbrev,"",%progbits
 869              	.Ldebug_abbrev0:
 870 0000 01       		.uleb128 0x1
 871 0001 11       		.uleb128 0x11
 872 0002 01       		.byte	0x1
 873 0003 25       		.uleb128 0x25
 874 0004 0E       		.uleb128 0xe
 875 0005 13       		.uleb128 0x13
 876 0006 0B       		.uleb128 0xb
 877 0007 03       		.uleb128 0x3
 878 0008 0E       		.uleb128 0xe
 879 0009 1B       		.uleb128 0x1b
 880 000a 0E       		.uleb128 0xe
 881 000b 55       		.uleb128 0x55
 882 000c 06       		.uleb128 0x6
 883 000d 11       		.uleb128 0x11
 884 000e 01       		.uleb128 0x1
 885 000f 52       		.uleb128 0x52
 886 0010 01       		.uleb128 0x1
 887 0011 10       		.uleb128 0x10
 888 0012 06       		.uleb128 0x6
 889 0013 00       		.byte	0
 890 0014 00       		.byte	0
 891 0015 02       		.uleb128 0x2
 892 0016 24       		.uleb128 0x24
 893 0017 00       		.byte	0
 894 0018 0B       		.uleb128 0xb
 895 0019 0B       		.uleb128 0xb
 896 001a 3E       		.uleb128 0x3e
 897 001b 0B       		.uleb128 0xb
 898 001c 03       		.uleb128 0x3
 899 001d 08       		.uleb128 0x8
 900 001e 00       		.byte	0
 901 001f 00       		.byte	0
 902 0020 03       		.uleb128 0x3
 903 0021 24       		.uleb128 0x24
 904 0022 00       		.byte	0
 905 0023 0B       		.uleb128 0xb
 906 0024 0B       		.uleb128 0xb
 907 0025 3E       		.uleb128 0x3e
 908 0026 0B       		.uleb128 0xb
ARM GAS  /tmp/ccpGb0ua.s 			page 17


 909 0027 03       		.uleb128 0x3
 910 0028 0E       		.uleb128 0xe
 911 0029 00       		.byte	0
 912 002a 00       		.byte	0
 913 002b 04       		.uleb128 0x4
 914 002c 16       		.uleb128 0x16
 915 002d 00       		.byte	0
 916 002e 03       		.uleb128 0x3
 917 002f 0E       		.uleb128 0xe
 918 0030 3A       		.uleb128 0x3a
 919 0031 0B       		.uleb128 0xb
 920 0032 3B       		.uleb128 0x3b
 921 0033 0B       		.uleb128 0xb
 922 0034 49       		.uleb128 0x49
 923 0035 13       		.uleb128 0x13
 924 0036 00       		.byte	0
 925 0037 00       		.byte	0
 926 0038 05       		.uleb128 0x5
 927 0039 35       		.uleb128 0x35
 928 003a 00       		.byte	0
 929 003b 49       		.uleb128 0x49
 930 003c 13       		.uleb128 0x13
 931 003d 00       		.byte	0
 932 003e 00       		.byte	0
 933 003f 06       		.uleb128 0x6
 934 0040 13       		.uleb128 0x13
 935 0041 01       		.byte	0x1
 936 0042 0B       		.uleb128 0xb
 937 0043 0B       		.uleb128 0xb
 938 0044 3A       		.uleb128 0x3a
 939 0045 0B       		.uleb128 0xb
 940 0046 3B       		.uleb128 0x3b
 941 0047 0B       		.uleb128 0xb
 942 0048 01       		.uleb128 0x1
 943 0049 13       		.uleb128 0x13
 944 004a 00       		.byte	0
 945 004b 00       		.byte	0
 946 004c 07       		.uleb128 0x7
 947 004d 0D       		.uleb128 0xd
 948 004e 00       		.byte	0
 949 004f 03       		.uleb128 0x3
 950 0050 0E       		.uleb128 0xe
 951 0051 3A       		.uleb128 0x3a
 952 0052 0B       		.uleb128 0xb
 953 0053 3B       		.uleb128 0x3b
 954 0054 0B       		.uleb128 0xb
 955 0055 49       		.uleb128 0x49
 956 0056 13       		.uleb128 0x13
 957 0057 38       		.uleb128 0x38
 958 0058 0A       		.uleb128 0xa
 959 0059 00       		.byte	0
 960 005a 00       		.byte	0
 961 005b 08       		.uleb128 0x8
 962 005c 0D       		.uleb128 0xd
 963 005d 00       		.byte	0
 964 005e 03       		.uleb128 0x3
 965 005f 0E       		.uleb128 0xe
ARM GAS  /tmp/ccpGb0ua.s 			page 18


 966 0060 3A       		.uleb128 0x3a
 967 0061 0B       		.uleb128 0xb
 968 0062 3B       		.uleb128 0x3b
 969 0063 05       		.uleb128 0x5
 970 0064 49       		.uleb128 0x49
 971 0065 13       		.uleb128 0x13
 972 0066 38       		.uleb128 0x38
 973 0067 0A       		.uleb128 0xa
 974 0068 00       		.byte	0
 975 0069 00       		.byte	0
 976 006a 09       		.uleb128 0x9
 977 006b 16       		.uleb128 0x16
 978 006c 00       		.byte	0
 979 006d 03       		.uleb128 0x3
 980 006e 0E       		.uleb128 0xe
 981 006f 3A       		.uleb128 0x3a
 982 0070 0B       		.uleb128 0xb
 983 0071 3B       		.uleb128 0x3b
 984 0072 05       		.uleb128 0x5
 985 0073 49       		.uleb128 0x49
 986 0074 13       		.uleb128 0x13
 987 0075 00       		.byte	0
 988 0076 00       		.byte	0
 989 0077 0A       		.uleb128 0xa
 990 0078 26       		.uleb128 0x26
 991 0079 00       		.byte	0
 992 007a 49       		.uleb128 0x49
 993 007b 13       		.uleb128 0x13
 994 007c 00       		.byte	0
 995 007d 00       		.byte	0
 996 007e 0B       		.uleb128 0xb
 997 007f 01       		.uleb128 0x1
 998 0080 01       		.byte	0x1
 999 0081 49       		.uleb128 0x49
 1000 0082 13       		.uleb128 0x13
 1001 0083 01       		.uleb128 0x1
 1002 0084 13       		.uleb128 0x13
 1003 0085 00       		.byte	0
 1004 0086 00       		.byte	0
 1005 0087 0C       		.uleb128 0xc
 1006 0088 21       		.uleb128 0x21
 1007 0089 00       		.byte	0
 1008 008a 49       		.uleb128 0x49
 1009 008b 13       		.uleb128 0x13
 1010 008c 2F       		.uleb128 0x2f
 1011 008d 0B       		.uleb128 0xb
 1012 008e 00       		.byte	0
 1013 008f 00       		.byte	0
 1014 0090 0D       		.uleb128 0xd
 1015 0091 13       		.uleb128 0x13
 1016 0092 01       		.byte	0x1
 1017 0093 0B       		.uleb128 0xb
 1018 0094 0B       		.uleb128 0xb
 1019 0095 3A       		.uleb128 0x3a
 1020 0096 0B       		.uleb128 0xb
 1021 0097 3B       		.uleb128 0x3b
 1022 0098 05       		.uleb128 0x5
ARM GAS  /tmp/ccpGb0ua.s 			page 19


 1023 0099 01       		.uleb128 0x1
 1024 009a 13       		.uleb128 0x13
 1025 009b 00       		.byte	0
 1026 009c 00       		.byte	0
 1027 009d 0E       		.uleb128 0xe
 1028 009e 0D       		.uleb128 0xd
 1029 009f 00       		.byte	0
 1030 00a0 03       		.uleb128 0x3
 1031 00a1 08       		.uleb128 0x8
 1032 00a2 3A       		.uleb128 0x3a
 1033 00a3 0B       		.uleb128 0xb
 1034 00a4 3B       		.uleb128 0x3b
 1035 00a5 05       		.uleb128 0x5
 1036 00a6 49       		.uleb128 0x49
 1037 00a7 13       		.uleb128 0x13
 1038 00a8 38       		.uleb128 0x38
 1039 00a9 0A       		.uleb128 0xa
 1040 00aa 00       		.byte	0
 1041 00ab 00       		.byte	0
 1042 00ac 0F       		.uleb128 0xf
 1043 00ad 2E       		.uleb128 0x2e
 1044 00ae 00       		.byte	0
 1045 00af 03       		.uleb128 0x3
 1046 00b0 0E       		.uleb128 0xe
 1047 00b1 3A       		.uleb128 0x3a
 1048 00b2 0B       		.uleb128 0xb
 1049 00b3 3B       		.uleb128 0x3b
 1050 00b4 0B       		.uleb128 0xb
 1051 00b5 27       		.uleb128 0x27
 1052 00b6 0C       		.uleb128 0xc
 1053 00b7 20       		.uleb128 0x20
 1054 00b8 0B       		.uleb128 0xb
 1055 00b9 00       		.byte	0
 1056 00ba 00       		.byte	0
 1057 00bb 10       		.uleb128 0x10
 1058 00bc 2E       		.uleb128 0x2e
 1059 00bd 01       		.byte	0x1
 1060 00be 3F       		.uleb128 0x3f
 1061 00bf 0C       		.uleb128 0xc
 1062 00c0 03       		.uleb128 0x3
 1063 00c1 0E       		.uleb128 0xe
 1064 00c2 3A       		.uleb128 0x3a
 1065 00c3 0B       		.uleb128 0xb
 1066 00c4 3B       		.uleb128 0x3b
 1067 00c5 0B       		.uleb128 0xb
 1068 00c6 27       		.uleb128 0x27
 1069 00c7 0C       		.uleb128 0xc
 1070 00c8 11       		.uleb128 0x11
 1071 00c9 01       		.uleb128 0x1
 1072 00ca 12       		.uleb128 0x12
 1073 00cb 01       		.uleb128 0x1
 1074 00cc 40       		.uleb128 0x40
 1075 00cd 06       		.uleb128 0x6
 1076 00ce 9742     		.uleb128 0x2117
 1077 00d0 0C       		.uleb128 0xc
 1078 00d1 01       		.uleb128 0x1
 1079 00d2 13       		.uleb128 0x13
ARM GAS  /tmp/ccpGb0ua.s 			page 20


 1080 00d3 00       		.byte	0
 1081 00d4 00       		.byte	0
 1082 00d5 11       		.uleb128 0x11
 1083 00d6 1D       		.uleb128 0x1d
 1084 00d7 00       		.byte	0
 1085 00d8 31       		.uleb128 0x31
 1086 00d9 13       		.uleb128 0x13
 1087 00da 52       		.uleb128 0x52
 1088 00db 01       		.uleb128 0x1
 1089 00dc 55       		.uleb128 0x55
 1090 00dd 06       		.uleb128 0x6
 1091 00de 58       		.uleb128 0x58
 1092 00df 0B       		.uleb128 0xb
 1093 00e0 59       		.uleb128 0x59
 1094 00e1 0B       		.uleb128 0xb
 1095 00e2 00       		.byte	0
 1096 00e3 00       		.byte	0
 1097 00e4 12       		.uleb128 0x12
 1098 00e5 898201   		.uleb128 0x4109
 1099 00e8 00       		.byte	0
 1100 00e9 11       		.uleb128 0x11
 1101 00ea 01       		.uleb128 0x1
 1102 00eb 31       		.uleb128 0x31
 1103 00ec 13       		.uleb128 0x13
 1104 00ed 00       		.byte	0
 1105 00ee 00       		.byte	0
 1106 00ef 13       		.uleb128 0x13
 1107 00f0 2E       		.uleb128 0x2e
 1108 00f1 00       		.byte	0
 1109 00f2 3F       		.uleb128 0x3f
 1110 00f3 0C       		.uleb128 0xc
 1111 00f4 03       		.uleb128 0x3
 1112 00f5 0E       		.uleb128 0xe
 1113 00f6 3A       		.uleb128 0x3a
 1114 00f7 0B       		.uleb128 0xb
 1115 00f8 3B       		.uleb128 0x3b
 1116 00f9 0B       		.uleb128 0xb
 1117 00fa 27       		.uleb128 0x27
 1118 00fb 0C       		.uleb128 0xc
 1119 00fc 11       		.uleb128 0x11
 1120 00fd 01       		.uleb128 0x1
 1121 00fe 12       		.uleb128 0x12
 1122 00ff 01       		.uleb128 0x1
 1123 0100 40       		.uleb128 0x40
 1124 0101 0A       		.uleb128 0xa
 1125 0102 9742     		.uleb128 0x2117
 1126 0104 0C       		.uleb128 0xc
 1127 0105 00       		.byte	0
 1128 0106 00       		.byte	0
 1129 0107 14       		.uleb128 0x14
 1130 0108 34       		.uleb128 0x34
 1131 0109 00       		.byte	0
 1132 010a 03       		.uleb128 0x3
 1133 010b 0E       		.uleb128 0xe
 1134 010c 3A       		.uleb128 0x3a
 1135 010d 0B       		.uleb128 0xb
 1136 010e 3B       		.uleb128 0x3b
ARM GAS  /tmp/ccpGb0ua.s 			page 21


 1137 010f 05       		.uleb128 0x5
 1138 0110 49       		.uleb128 0x49
 1139 0111 13       		.uleb128 0x13
 1140 0112 3F       		.uleb128 0x3f
 1141 0113 0C       		.uleb128 0xc
 1142 0114 3C       		.uleb128 0x3c
 1143 0115 0C       		.uleb128 0xc
 1144 0116 00       		.byte	0
 1145 0117 00       		.byte	0
 1146 0118 15       		.uleb128 0x15
 1147 0119 2E       		.uleb128 0x2e
 1148 011a 00       		.byte	0
 1149 011b 3F       		.uleb128 0x3f
 1150 011c 0C       		.uleb128 0xc
 1151 011d 03       		.uleb128 0x3
 1152 011e 0E       		.uleb128 0xe
 1153 011f 3A       		.uleb128 0x3a
 1154 0120 0B       		.uleb128 0xb
 1155 0121 3B       		.uleb128 0x3b
 1156 0122 05       		.uleb128 0x5
 1157 0123 27       		.uleb128 0x27
 1158 0124 0C       		.uleb128 0xc
 1159 0125 3C       		.uleb128 0x3c
 1160 0126 0C       		.uleb128 0xc
 1161 0127 00       		.byte	0
 1162 0128 00       		.byte	0
 1163 0129 00       		.byte	0
 1164              		.section	.debug_loc,"",%progbits
 1165              	.Ldebug_loc0:
 1166              	.LLST0:
 1167 0000 00000000 		.4byte	.LFB119
 1168 0004 0E000000 		.4byte	.LCFI0
 1169 0008 0200     		.2byte	0x2
 1170 000a 7D       		.byte	0x7d
 1171 000b 00       		.sleb128 0
 1172 000c 0E000000 		.4byte	.LCFI0
 1173 0010 C2000000 		.4byte	.LFE119
 1174 0014 0200     		.2byte	0x2
 1175 0016 7D       		.byte	0x7d
 1176 0017 10       		.sleb128 16
 1177 0018 00000000 		.4byte	0
 1178 001c 00000000 		.4byte	0
 1179              		.section	.debug_aranges,"",%progbits
 1180 0000 24000000 		.4byte	0x24
 1181 0004 0200     		.2byte	0x2
 1182 0006 00000000 		.4byte	.Ldebug_info0
 1183 000a 04       		.byte	0x4
 1184 000b 00       		.byte	0
 1185 000c 0000     		.2byte	0
 1186 000e 0000     		.2byte	0
 1187 0010 00000000 		.4byte	.LFB119
 1188 0014 C2000000 		.4byte	.LFE119-.LFB119
 1189 0018 00000000 		.4byte	.LFB120
 1190 001c B8000000 		.4byte	.LFE120-.LFB120
 1191 0020 00000000 		.4byte	0
 1192 0024 00000000 		.4byte	0
 1193              		.section	.debug_ranges,"",%progbits
ARM GAS  /tmp/ccpGb0ua.s 			page 22


 1194              	.Ldebug_ranges0:
 1195 0000 56000000 		.4byte	.LBB4
 1196 0004 5E000000 		.4byte	.LBE4
 1197 0008 64000000 		.4byte	.LBB7
 1198 000c 9E000000 		.4byte	.LBE7
 1199 0010 00000000 		.4byte	0
 1200 0014 00000000 		.4byte	0
 1201 0018 00000000 		.4byte	.LFB119
 1202 001c C2000000 		.4byte	.LFE119
 1203 0020 00000000 		.4byte	.LFB120
 1204 0024 B8000000 		.4byte	.LFE120
 1205 0028 00000000 		.4byte	0
 1206 002c 00000000 		.4byte	0
 1207              		.section	.debug_line,"",%progbits
 1208              	.Ldebug_line0:
 1209 0000 DA010000 		.section	.debug_str,"MS",%progbits,1
 1209      02003C01 
 1209      00000201 
 1209      FB0E0D00 
 1209      01010101 
 1210              	.LASF52:
 1211 0000 5243435F 		.ascii	"RCC_TypeDef\000"
 1211      54797065 
 1211      44656600 
 1212              	.LASF41:
 1213 000c 53595343 		.ascii	"SYSCFG_TypeDef\000"
 1213      46475F54 
 1213      79706544 
 1213      656600
 1214              	.LASF45:
 1215 001b 41504231 		.ascii	"APB1RSTR\000"
 1215      52535452 
 1215      00
 1216              	.LASF18:
 1217 0024 44454D43 		.ascii	"DEMCR\000"
 1217      5200
 1218              	.LASF3:
 1219 002a 73686F72 		.ascii	"short int\000"
 1219      7420696E 
 1219      7400
 1220              	.LASF14:
 1221 0034 73697A65 		.ascii	"sizetype\000"
 1221      74797065 
 1221      00
 1222              	.LASF49:
 1223 003d 42444352 		.ascii	"BDCR\000"
 1223      00
 1224              	.LASF27:
 1225 0042 50435352 		.ascii	"PCSR\000"
 1225      00
 1226              	.LASF26:
 1227 0047 464F4C44 		.ascii	"FOLDCNT\000"
 1227      434E5400 
 1228              	.LASF42:
 1229 004f 5057525F 		.ascii	"PWR_TypeDef\000"
 1229      54797065 
 1229      44656600 
ARM GAS  /tmp/ccpGb0ua.s 			page 23


 1230              	.LASF28:
 1231 005b 434D785F 		.ascii	"CMx_DWT\000"
 1231      44575400 
 1232              	.LASF38:
 1233 0063 43464752 		.ascii	"CFGR1\000"
 1233      3100
 1234              	.LASF20:
 1235 0069 4354524C 		.ascii	"CTRL\000"
 1235      00
 1236              	.LASF33:
 1237 006e 4B455952 		.ascii	"KEYR\000"
 1237      00
 1238              	.LASF43:
 1239 0073 43464752 		.ascii	"CFGR\000"
 1239      00
 1240              	.LASF39:
 1241 0078 45585449 		.ascii	"EXTICR\000"
 1241      435200
 1242              	.LASF48:
 1243 007f 41504231 		.ascii	"APB1ENR\000"
 1243      454E5200 
 1244              	.LASF16:
 1245 0087 44435253 		.ascii	"DCRSR\000"
 1245      5200
 1246              	.LASF56:
 1247 008d 68616C5F 		.ascii	"hal_lld_backup_domain_init\000"
 1247      6C6C645F 
 1247      6261636B 
 1247      75705F64 
 1247      6F6D6169 
 1248              	.LASF17:
 1249 00a8 44435244 		.ascii	"DCRDR\000"
 1249      5200
 1250              	.LASF13:
 1251 00ae 494F5245 		.ascii	"IOREG32\000"
 1251      47333200 
 1252              	.LASF55:
 1253 00b6 2F686F6D 		.ascii	"/home/joerg/repos/OpenBLDC/kjellhar/bldc-strip/\000"
 1253      652F6A6F 
 1253      6572672F 
 1253      7265706F 
 1253      732F4F70 
 1254              	.LASF34:
 1255 00e6 4F50544B 		.ascii	"OPTKEYR\000"
 1255      45595200 
 1256              	.LASF50:
 1257 00ee 41484252 		.ascii	"AHBRSTR\000"
 1257      53545200 
 1258              	.LASF10:
 1259 00f6 6C6F6E67 		.ascii	"long long int\000"
 1259      206C6F6E 
 1259      6720696E 
 1259      7400
 1260              	.LASF21:
 1261 0104 43594343 		.ascii	"CYCCNT\000"
 1261      4E5400
 1262              	.LASF31:
ARM GAS  /tmp/ccpGb0ua.s 			page 24


 1263 010b 43414C49 		.ascii	"CALIB\000"
 1263      4200
 1264              	.LASF15:
 1265 0111 44484353 		.ascii	"DHCSR\000"
 1265      5200
 1266              	.LASF7:
 1267 0117 6C6F6E67 		.ascii	"long int\000"
 1267      20696E74 
 1267      00
 1268              	.LASF40:
 1269 0120 43464752 		.ascii	"CFGR2\000"
 1269      3200
 1270              	.LASF51:
 1271 0126 43464752 		.ascii	"CFGR3\000"
 1271      3300
 1272              	.LASF46:
 1273 012c 41484245 		.ascii	"AHBENR\000"
 1273      4E5200
 1274              	.LASF44:
 1275 0133 41504232 		.ascii	"APB2RSTR\000"
 1275      52535452 
 1275      00
 1276              	.LASF36:
 1277 013c 57525052 		.ascii	"WRPR\000"
 1277      00
 1278              	.LASF23:
 1279 0141 45584343 		.ascii	"EXCCNT\000"
 1279      4E5400
 1280              	.LASF2:
 1281 0148 756E7369 		.ascii	"unsigned char\000"
 1281      676E6564 
 1281      20636861 
 1281      7200
 1282              	.LASF47:
 1283 0156 41504232 		.ascii	"APB2ENR\000"
 1283      454E5200 
 1284              	.LASF1:
 1285 015e 7369676E 		.ascii	"signed char\000"
 1285      65642063 
 1285      68617200 
 1286              	.LASF11:
 1287 016a 6C6F6E67 		.ascii	"long long unsigned int\000"
 1287      206C6F6E 
 1287      6720756E 
 1287      7369676E 
 1287      65642069 
 1288              	.LASF8:
 1289 0181 75696E74 		.ascii	"uint32_t\000"
 1289      33325F74 
 1289      00
 1290              	.LASF0:
 1291 018a 756E7369 		.ascii	"unsigned int\000"
 1291      676E6564 
 1291      20696E74 
 1291      00
 1292              	.LASF53:
 1293 0197 474E5520 		.ascii	"GNU C 4.7.4 20130913 (release) [ARM/embedded-4_7-br"
ARM GAS  /tmp/ccpGb0ua.s 			page 25


 1293      4320342E 
 1293      372E3420 
 1293      32303133 
 1293      30393133 
 1294 01ca 616E6368 		.ascii	"anch revision 202601]\000"
 1294      20726576 
 1294      6973696F 
 1294      6E203230 
 1294      32363031 
 1295              	.LASF57:
 1296 01e0 68616C5F 		.ascii	"hal_lld_init\000"
 1296      6C6C645F 
 1296      696E6974 
 1296      00
 1297              	.LASF32:
 1298 01ed 53797354 		.ascii	"SysTick_Type\000"
 1298      69636B5F 
 1298      54797065 
 1298      00
 1299              	.LASF4:
 1300 01fa 73686F72 		.ascii	"short unsigned int\000"
 1300      7420756E 
 1300      7369676E 
 1300      65642069 
 1300      6E7400
 1301              	.LASF29:
 1302 020d 63686172 		.ascii	"char\000"
 1302      00
 1303              	.LASF5:
 1304 0212 75696E74 		.ascii	"uint16_t\000"
 1304      31365F74 
 1304      00
 1305              	.LASF19:
 1306 021b 434D785F 		.ascii	"CMx_SCS\000"
 1306      53435300 
 1307              	.LASF6:
 1308 0223 696E7433 		.ascii	"int32_t\000"
 1308      325F7400 
 1309              	.LASF12:
 1310 022b 5F426F6F 		.ascii	"_Bool\000"
 1310      6C00
 1311              	.LASF60:
 1312 0231 646D6149 		.ascii	"dmaInit\000"
 1312      6E697400 
 1313              	.LASF22:
 1314 0239 43504943 		.ascii	"CPICNT\000"
 1314      4E5400
 1315              	.LASF9:
 1316 0240 6C6F6E67 		.ascii	"long unsigned int\000"
 1316      20756E73 
 1316      69676E65 
 1316      6420696E 
 1316      7400
 1317              	.LASF24:
 1318 0252 534C4545 		.ascii	"SLEEPCNT\000"
 1318      50434E54 
 1318      00
ARM GAS  /tmp/ccpGb0ua.s 			page 26


 1319              	.LASF58:
 1320 025b 73746D33 		.ascii	"stm32_clock_init\000"
 1320      325F636C 
 1320      6F636B5F 
 1320      696E6974 
 1320      00
 1321              	.LASF25:
 1322 026c 4C535543 		.ascii	"LSUCNT\000"
 1322      4E5400
 1323              	.LASF30:
 1324 0273 4C4F4144 		.ascii	"LOAD\000"
 1324      00
 1325              	.LASF35:
 1326 0278 52455345 		.ascii	"RESERVED\000"
 1326      52564544 
 1326      00
 1327              	.LASF37:
 1328 0281 464C4153 		.ascii	"FLASH_TypeDef\000"
 1328      485F5479 
 1328      70654465 
 1328      6600
 1329              	.LASF54:
 1330 028f 63686962 		.ascii	"chibios/os/hal/platforms/STM32F30x/hal_lld.c\000"
 1330      696F732F 
 1330      6F732F68 
 1330      616C2F70 
 1330      6C617466 
 1331              	.LASF59:
 1332 02bc 49544D5F 		.ascii	"ITM_RxBuffer\000"
 1332      52784275 
 1332      66666572 
 1332      00
 1333              		.ident	"GCC: (GNU Tools for ARM Embedded Processors) 4.7.4 20130913 (release) [ARM/embedded-4_7-br
ARM GAS  /tmp/ccpGb0ua.s 			page 27


DEFINED SYMBOLS
                            *ABS*:00000000 hal_lld.c
     /tmp/ccpGb0ua.s:19     .text.hal_lld_init:00000000 $t
     /tmp/ccpGb0ua.s:25     .text.hal_lld_init:00000000 hal_lld_init
     /tmp/ccpGb0ua.s:159    .text.stm32_clock_init:00000000 $t
     /tmp/ccpGb0ua.s:165    .text.stm32_clock_init:00000000 stm32_clock_init
                     .debug_frame:00000010 $d

UNDEFINED SYMBOLS
dmaInit
