ARM GAS  /tmp/ccFi3UFj.s 			page 1


   1              		.syntax unified
   2              		.cpu cortex-m4
   3              		.fpu softvfp
   4              		.eabi_attribute 20, 1
   5              		.eabi_attribute 21, 1
   6              		.eabi_attribute 23, 3
   7              		.eabi_attribute 24, 1
   8              		.eabi_attribute 25, 1
   9              		.eabi_attribute 26, 1
  10              		.eabi_attribute 30, 2
  11              		.eabi_attribute 34, 1
  12              		.eabi_attribute 18, 4
  13              		.thumb
  14              		.file	"usb_lld.c"
  15              		.text
  16              	.Ltext0:
  17              		.cfi_sections	.debug_frame
  18              	.Letext0:
  19              		.file 1 "/opt/ARM/gcc-arm-none-eabi-4_7-2013q3/bin/../lib/gcc/arm-none-eabi/4.7.4/../../../../arm-
  20              		.file 2 "chibios/os/ports/common/ARMCMx/CMSIS/include/core_cm4.h"
  21              		.section	.debug_info,"",%progbits
  22              	.Ldebug_info0:
  23 0000 93000000 		.4byte	0x93
  24 0004 0200     		.2byte	0x2
  25 0006 00000000 		.4byte	.Ldebug_abbrev0
  26 000a 04       		.byte	0x4
  27 000b 01       		.uleb128 0x1
  28 000c FB000000 		.4byte	.LASF12
  29 0010 01       		.byte	0x1
  30 0011 57000000 		.4byte	.LASF13
  31 0015 B2000000 		.4byte	.LASF14
  32 0019 00000000 		.4byte	.Ldebug_line0
  33 001d 02       		.uleb128 0x2
  34 001e 01       		.byte	0x1
  35 001f 06       		.byte	0x6
  36 0020 EF000000 		.4byte	.LASF0
  37 0024 02       		.uleb128 0x2
  38 0025 01       		.byte	0x1
  39 0026 08       		.byte	0x8
  40 0027 86000000 		.4byte	.LASF1
  41 002b 02       		.uleb128 0x2
  42 002c 02       		.byte	0x2
  43 002d 05       		.byte	0x5
  44 002e A2000000 		.4byte	.LASF2
  45 0032 02       		.uleb128 0x2
  46 0033 02       		.byte	0x2
  47 0034 07       		.byte	0x7
  48 0035 0E000000 		.4byte	.LASF3
  49 0039 03       		.uleb128 0x3
  50 003a 04       		.byte	0x4
  51 003b 05       		.byte	0x5
  52 003c 696E7400 		.ascii	"int\000"
  53 0040 02       		.uleb128 0x2
  54 0041 04       		.byte	0x4
  55 0042 07       		.byte	0x7
  56 0043 21000000 		.4byte	.LASF4
  57 0047 02       		.uleb128 0x2
ARM GAS  /tmp/ccFi3UFj.s 			page 2


  58 0048 08       		.byte	0x8
  59 0049 05       		.byte	0x5
  60 004a 00000000 		.4byte	.LASF5
  61 004e 02       		.uleb128 0x2
  62 004f 08       		.byte	0x8
  63 0050 07       		.byte	0x7
  64 0051 40000000 		.4byte	.LASF6
  65 0055 02       		.uleb128 0x2
  66 0056 04       		.byte	0x4
  67 0057 05       		.byte	0x5
  68 0058 99000000 		.4byte	.LASF7
  69 005c 02       		.uleb128 0x2
  70 005d 04       		.byte	0x4
  71 005e 07       		.byte	0x7
  72 005f 4C010000 		.4byte	.LASF8
  73 0063 02       		.uleb128 0x2
  74 0064 04       		.byte	0x4
  75 0065 07       		.byte	0x7
  76 0066 2E000000 		.4byte	.LASF9
  77 006a 02       		.uleb128 0x2
  78 006b 01       		.byte	0x1
  79 006c 08       		.byte	0x8
  80 006d 94000000 		.4byte	.LASF10
  81 0071 04       		.uleb128 0x4
  82 0072 44010000 		.4byte	.LASF15
  83 0076 01       		.byte	0x1
  84 0077 4F       		.byte	0x4f
  85 0078 55000000 		.4byte	0x55
  86 007c 02       		.uleb128 0x2
  87 007d 01       		.byte	0x1
  88 007e 02       		.byte	0x2
  89 007f AC000000 		.4byte	.LASF11
  90 0083 05       		.uleb128 0x5
  91 0084 71000000 		.4byte	0x71
  92 0088 06       		.uleb128 0x6
  93 0089 E2000000 		.4byte	.LASF16
  94 008d 02       		.byte	0x2
  95 008e 9806     		.2byte	0x698
  96 0090 83000000 		.4byte	0x83
  97 0094 01       		.byte	0x1
  98 0095 01       		.byte	0x1
  99 0096 00       		.byte	0
 100              		.section	.debug_abbrev,"",%progbits
 101              	.Ldebug_abbrev0:
 102 0000 01       		.uleb128 0x1
 103 0001 11       		.uleb128 0x11
 104 0002 01       		.byte	0x1
 105 0003 25       		.uleb128 0x25
 106 0004 0E       		.uleb128 0xe
 107 0005 13       		.uleb128 0x13
 108 0006 0B       		.uleb128 0xb
 109 0007 03       		.uleb128 0x3
 110 0008 0E       		.uleb128 0xe
 111 0009 1B       		.uleb128 0x1b
 112 000a 0E       		.uleb128 0xe
 113 000b 10       		.uleb128 0x10
 114 000c 06       		.uleb128 0x6
ARM GAS  /tmp/ccFi3UFj.s 			page 3


 115 000d 00       		.byte	0
 116 000e 00       		.byte	0
 117 000f 02       		.uleb128 0x2
 118 0010 24       		.uleb128 0x24
 119 0011 00       		.byte	0
 120 0012 0B       		.uleb128 0xb
 121 0013 0B       		.uleb128 0xb
 122 0014 3E       		.uleb128 0x3e
 123 0015 0B       		.uleb128 0xb
 124 0016 03       		.uleb128 0x3
 125 0017 0E       		.uleb128 0xe
 126 0018 00       		.byte	0
 127 0019 00       		.byte	0
 128 001a 03       		.uleb128 0x3
 129 001b 24       		.uleb128 0x24
 130 001c 00       		.byte	0
 131 001d 0B       		.uleb128 0xb
 132 001e 0B       		.uleb128 0xb
 133 001f 3E       		.uleb128 0x3e
 134 0020 0B       		.uleb128 0xb
 135 0021 03       		.uleb128 0x3
 136 0022 08       		.uleb128 0x8
 137 0023 00       		.byte	0
 138 0024 00       		.byte	0
 139 0025 04       		.uleb128 0x4
 140 0026 16       		.uleb128 0x16
 141 0027 00       		.byte	0
 142 0028 03       		.uleb128 0x3
 143 0029 0E       		.uleb128 0xe
 144 002a 3A       		.uleb128 0x3a
 145 002b 0B       		.uleb128 0xb
 146 002c 3B       		.uleb128 0x3b
 147 002d 0B       		.uleb128 0xb
 148 002e 49       		.uleb128 0x49
 149 002f 13       		.uleb128 0x13
 150 0030 00       		.byte	0
 151 0031 00       		.byte	0
 152 0032 05       		.uleb128 0x5
 153 0033 35       		.uleb128 0x35
 154 0034 00       		.byte	0
 155 0035 49       		.uleb128 0x49
 156 0036 13       		.uleb128 0x13
 157 0037 00       		.byte	0
 158 0038 00       		.byte	0
 159 0039 06       		.uleb128 0x6
 160 003a 34       		.uleb128 0x34
 161 003b 00       		.byte	0
 162 003c 03       		.uleb128 0x3
 163 003d 0E       		.uleb128 0xe
 164 003e 3A       		.uleb128 0x3a
 165 003f 0B       		.uleb128 0xb
 166 0040 3B       		.uleb128 0x3b
 167 0041 05       		.uleb128 0x5
 168 0042 49       		.uleb128 0x49
 169 0043 13       		.uleb128 0x13
 170 0044 3F       		.uleb128 0x3f
 171 0045 0C       		.uleb128 0xc
ARM GAS  /tmp/ccFi3UFj.s 			page 4


 172 0046 3C       		.uleb128 0x3c
 173 0047 0C       		.uleb128 0xc
 174 0048 00       		.byte	0
 175 0049 00       		.byte	0
 176 004a 00       		.byte	0
 177              		.section	.debug_aranges,"",%progbits
 178 0000 14000000 		.4byte	0x14
 179 0004 0200     		.2byte	0x2
 180 0006 00000000 		.4byte	.Ldebug_info0
 181 000a 04       		.byte	0x4
 182 000b 00       		.byte	0
 183 000c 0000     		.2byte	0
 184 000e 0000     		.2byte	0
 185 0010 00000000 		.4byte	0
 186 0014 00000000 		.4byte	0
 187              		.section	.debug_line,"",%progbits
 188              	.Ldebug_line0:
 189 0000 CB000000 		.section	.debug_str,"MS",%progbits,1
 189      0200C500 
 189      00000201 
 189      FB0E0D00 
 189      01010101 
 190              	.LASF5:
 191 0000 6C6F6E67 		.ascii	"long long int\000"
 191      206C6F6E 
 191      6720696E 
 191      7400
 192              	.LASF3:
 193 000e 73686F72 		.ascii	"short unsigned int\000"
 193      7420756E 
 193      7369676E 
 193      65642069 
 193      6E7400
 194              	.LASF4:
 195 0021 756E7369 		.ascii	"unsigned int\000"
 195      676E6564 
 195      20696E74 
 195      00
 196              	.LASF9:
 197 002e 6C6F6E67 		.ascii	"long unsigned int\000"
 197      20756E73 
 197      69676E65 
 197      6420696E 
 197      7400
 198              	.LASF6:
 199 0040 6C6F6E67 		.ascii	"long long unsigned int\000"
 199      206C6F6E 
 199      6720756E 
 199      7369676E 
 199      65642069 
 200              	.LASF13:
 201 0057 63686962 		.ascii	"chibios/os/hal/platforms/STM32/USBv1/usb_lld.c\000"
 201      696F732F 
 201      6F732F68 
 201      616C2F70 
 201      6C617466 
 202              	.LASF1:
ARM GAS  /tmp/ccFi3UFj.s 			page 5


 203 0086 756E7369 		.ascii	"unsigned char\000"
 203      676E6564 
 203      20636861 
 203      7200
 204              	.LASF10:
 205 0094 63686172 		.ascii	"char\000"
 205      00
 206              	.LASF7:
 207 0099 6C6F6E67 		.ascii	"long int\000"
 207      20696E74 
 207      00
 208              	.LASF2:
 209 00a2 73686F72 		.ascii	"short int\000"
 209      7420696E 
 209      7400
 210              	.LASF11:
 211 00ac 5F426F6F 		.ascii	"_Bool\000"
 211      6C00
 212              	.LASF14:
 213 00b2 2F686F6D 		.ascii	"/home/joerg/repos/OpenBLDC/kjellhar/bldc-strip/\000"
 213      652F6A6F 
 213      6572672F 
 213      7265706F 
 213      732F4F70 
 214              	.LASF16:
 215 00e2 49544D5F 		.ascii	"ITM_RxBuffer\000"
 215      52784275 
 215      66666572 
 215      00
 216              	.LASF0:
 217 00ef 7369676E 		.ascii	"signed char\000"
 217      65642063 
 217      68617200 
 218              	.LASF12:
 219 00fb 474E5520 		.ascii	"GNU C 4.7.4 20130913 (release) [ARM/embedded-4_7-br"
 219      4320342E 
 219      372E3420 
 219      32303133 
 219      30393133 
 220 012e 616E6368 		.ascii	"anch revision 202601]\000"
 220      20726576 
 220      6973696F 
 220      6E203230 
 220      32363031 
 221              	.LASF15:
 222 0144 696E7433 		.ascii	"int32_t\000"
 222      325F7400 
 223              	.LASF8:
 224 014c 73697A65 		.ascii	"sizetype\000"
 224      74797065 
 224      00
 225              		.ident	"GCC: (GNU Tools for ARM Embedded Processors) 4.7.4 20130913 (release) [ARM/embedded-4_7-br
ARM GAS  /tmp/ccFi3UFj.s 			page 6


DEFINED SYMBOLS
                            *ABS*:00000000 usb_lld.c

NO UNDEFINED SYMBOLS
